<?xml version="1.0" encoding="UTF-8"?>
<testng-results skipped="0" failed="0" ignored="0" total="1" passed="1">
  <reporter-output>
  </reporter-output>
  <suite name="Default suite" duration-ms="160" started-at="2017-07-16T06:31:23Z" finished-at="2017-07-16T06:31:23Z">
    <groups>
    </groups>
    <test name="Default test" duration-ms="160" started-at="2017-07-16T06:31:23Z" finished-at="2017-07-16T06:31:23Z">
      <class name="fileTest.TestNGTests">
        <test-method status="PASS" signature="beforeMethod()[pri:0, instance:fileTest.TestNGTests@5ae9a829]" name="beforeMethod" is-config="true" duration-ms="21" started-at="2017-07-16T16:01:23Z" finished-at="2017-07-16T16:01:23Z">
          <reporter-output>
          </reporter-output>
        </test-method> <!-- beforeMethod -->
        <test-method status="PASS" signature="writeTest()[pri:0, instance:fileTest.TestNGTests@5ae9a829]" name="writeTest" duration-ms="66" started-at="2017-07-16T16:01:23Z" finished-at="2017-07-16T16:01:23Z">
          <reporter-output>
          </reporter-output>
        </test-method> <!-- writeTest -->
      </class> <!-- fileTest.TestNGTests -->
    </test> <!-- Default test -->
  </suite> <!-- Default suite -->
</testng-results>
